  NetGL.cpp
E:\NetGL - Kopie\NetGL\glcorearb.h(63,10): warning C4067: Unerwartete Token nach Präprozessordirektive - Zeilenvorschub erwartet.
  (Quelldatei „/NetGL.cpp“ wird kompiliert)
  
E:\NetGL - Kopie\NetGL\NetGL.cpp(45,16): warning C4244: "Initialisierung": Konvertierung von "double" in "float", möglicher Datenverlust
  (Quelldatei „/NetGL.cpp“ wird kompiliert)
  
E:\NetGL - Kopie\NetGL\NetGL.cpp(653,33): warning C4267: "return": Konvertierung von "size_t" nach "int", Datenverlust möglich
  (Quelldatei „/NetGL.cpp“ wird kompiliert)
  
E:\NetGL - Kopie\NetGL\NetGL.cpp(1184,64): warning C4312: "Typumwandlung": Konvertierung von "int" in größeren Typ "void *"
  (Quelldatei „/NetGL.cpp“ wird kompiliert)
  
E:\NetGL - Kopie\NetGL\NetGL.cpp(1235,53): warning C4312: "Typumwandlung": Konvertierung von "int" in größeren Typ "void *"
  (Quelldatei „/NetGL.cpp“ wird kompiliert)
  
E:\NetGL - Kopie\NetGL\NetGL.cpp(1271,27): warning C4244: "Argument": Konvertierung von "float" in "GLsizei", möglicher Datenverlust
  (Quelldatei „/NetGL.cpp“ wird kompiliert)
  
E:\NetGL - Kopie\NetGL\NetGL.cpp(1271,20): warning C4244: "Argument": Konvertierung von "float" in "GLsizei", möglicher Datenverlust
  (Quelldatei „/NetGL.cpp“ wird kompiliert)
  
E:\NetGL - Kopie\NetGL\NetGL.cpp(1271,17): warning C4244: "Argument": Konvertierung von "float" in "GLint", möglicher Datenverlust
  (Quelldatei „/NetGL.cpp“ wird kompiliert)
  
E:\NetGL - Kopie\NetGL\NetGL.cpp(1271,14): warning C4244: "Argument": Konvertierung von "float" in "GLint", möglicher Datenverlust
  (Quelldatei „/NetGL.cpp“ wird kompiliert)
  
  TextureImporter.cpp
E:\NetGL - Kopie\NetGL\glcorearb.h(63,10): warning C4067: Unerwartete Token nach Präprozessordirektive - Zeilenvorschub erwartet.
  (Quelldatei „/TextureImporter.cpp“ wird kompiliert)
  
E:\NetGL - Kopie\NetGL\TextureImporter.cpp(20,40): warning C4305: "Argument": Verkürzung von "double" in "float"
  (Quelldatei „/TextureImporter.cpp“ wird kompiliert)
  
E:\NetGL - Kopie\NetGL\TextureImporter.cpp(38,40): warning C4305: "Argument": Verkürzung von "double" in "float"
  (Quelldatei „/TextureImporter.cpp“ wird kompiliert)
  
  Code wird generiert...
  AssemblyInfo.obj : MSIL-Modulgefunden; inkrementelles Verknüpfen wird für MSIL deaktiviert; vollständiger Link wird durchgeführt
  NetGL.vcxproj -> E:\NetGL - Kopie\x64\Debug\NetGL.dll
