e:\netgl\netgl\x64\debug\netgl.pch
e:\netgl\netgl\x64\debug\vc143.pdb
e:\netgl\netgl\x64\debug\pch.obj
e:\netgl\netgl\x64\debug\netgl.obj
e:\netgl\netgl\x64\debug\assemblyinfo.obj
e:\netgl\netgl\x64\debug\.netframework,version=v4.7.2.assemblyattributes.obj
e:\netgl\netgl\x64\debug\textureimporter.obj
e:\netgl\x64\debug\netgl.dll
e:\netgl\x64\debug\netgl.pdb
e:\netgl\netgl\x64\debug\app.res
e:\netgl\netgl\x64\debug\netgl.tlog\cl.command.1.tlog
e:\netgl\netgl\x64\debug\netgl.tlog\cl.read.1.tlog
e:\netgl\netgl\x64\debug\netgl.tlog\cl.write.1.tlog
e:\netgl\netgl\x64\debug\netgl.tlog\link.command.1.tlog
e:\netgl\netgl\x64\debug\netgl.tlog\link.read.1.tlog
e:\netgl\netgl\x64\debug\netgl.tlog\link.write.1.tlog
e:\netgl\netgl\x64\debug\netgl.tlog\metagen.read.1.tlog
e:\netgl\netgl\x64\debug\netgl.tlog\metagen.write.1.tlog
e:\netgl\netgl\x64\debug\netgl.tlog\rc.command.1.tlog
e:\netgl\netgl\x64\debug\netgl.tlog\rc.read.1.tlog
e:\netgl\netgl\x64\debug\netgl.tlog\rc.write.1.tlog
